<?xml version="1.0" encoding="UTF-8"?>
<!-- Generated by org.testng.reporters.JUnitXMLReporter -->
<testsuite hostname="TYSS-MF-032" ignored="0" name="Surefire test" tests="2" failures="0" timestamp="22 Feb 2018 06:21:35 GMT" time="246.58" errors="0">
  <testcase name="feature" time="105.476" classname="cucumber.api.testng.AbstractTestNGCucumberTests"/>
  <testcase name="feature" time="117.297" classname="cucumber.api.testng.AbstractTestNGCucumberTests"/>
</testsuite> <!-- Surefire test -->
