<?xml version="1.0" encoding="UTF-8"?>
<testng-results skipped="0" failed="0" ignored="0" total="2" passed="2">
  <reporter-output>
  </reporter-output>
  <suite name="Surefire suite" duration-ms="129034" started-at="2018-03-16T11:02:37Z" finished-at="2018-03-16T11:04:46Z">
    <groups>
      <group name="cucumber">
        <method signature="AbstractTestNGCucumberTests.feature(cucumber.api.testng.CucumberFeatureWrapper)[pri:0, instance:com.cucumber.runner.TestRunner@617faa95]" name="feature" class="cucumber.api.testng.AbstractTestNGCucumberTests"/>
      </group> <!-- cucumber -->
    </groups>
    <test name="Surefire test" duration-ms="129034" started-at="2018-03-16T11:02:37Z" finished-at="2018-03-16T11:04:46Z">
      <class name="com.cucumber.runner.TestRunner">
        <test-method status="PASS" signature="intialSetup()[pri:0, instance:com.cucumber.runner.TestRunner@617faa95]" name="intialSetup" is-config="true" duration-ms="10" started-at="2018-03-16T11:02:37Z" finished-at="2018-03-16T11:02:37Z">
          <reporter-output>
          </reporter-output>
        </test-method> <!-- intialSetup -->
        <test-method status="PASS" signature="setUpClass()[pri:0, instance:com.cucumber.runner.TestRunner@617faa95]" name="setUpClass" is-config="true" duration-ms="564" started-at="2018-03-16T11:02:37Z" finished-at="2018-03-16T11:02:37Z">
          <reporter-output>
          </reporter-output>
        </test-method> <!-- setUpClass -->
        <test-method status="PASS" signature="setup()[pri:0, instance:com.cucumber.runner.TestRunner@617faa95]" name="setup" is-config="true" duration-ms="1" started-at="2018-03-16T11:02:37Z" finished-at="2018-03-16T11:02:37Z">
          <reporter-output>
          </reporter-output>
        </test-method> <!-- setup -->
        <test-method status="PASS" signature="beforeTestScenario()[pri:0, instance:com.cucumber.runner.TestRunner@617faa95]" name="beforeTestScenario" is-config="true" duration-ms="22396" started-at="2018-03-16T11:02:38Z" finished-at="2018-03-16T11:03:00Z">
          <reporter-output>
          </reporter-output>
        </test-method> <!-- beforeTestScenario -->
        <test-method status="PASS" signature="feature(cucumber.api.testng.CucumberFeatureWrapper)[pri:0, instance:com.cucumber.runner.TestRunner@617faa95]" name="feature" duration-ms="55462" started-at="2018-03-16T11:03:00Z" description="Runs Cucumber Feature" data-provider="features" finished-at="2018-03-16T11:03:55Z">
          <params>
            <param index="0">
              <value>
                <![CDATA[Login Test]]>
              </value>
            </param>
          </params>
          <reporter-output>
          </reporter-output>
        </test-method> <!-- feature -->
        <test-method status="PASS" signature="afterTestScenario()[pri:0, instance:com.cucumber.runner.TestRunner@617faa95]" name="afterTestScenario" is-config="true" duration-ms="768" started-at="2018-03-16T11:03:55Z" finished-at="2018-03-16T11:03:56Z">
          <reporter-output>
          </reporter-output>
        </test-method> <!-- afterTestScenario -->
        <test-method status="PASS" signature="beforeTestScenario()[pri:0, instance:com.cucumber.runner.TestRunner@617faa95]" name="beforeTestScenario" is-config="true" duration-ms="7036" started-at="2018-03-16T11:03:56Z" finished-at="2018-03-16T11:04:03Z">
          <reporter-output>
          </reporter-output>
        </test-method> <!-- beforeTestScenario -->
        <test-method status="PASS" signature="feature(cucumber.api.testng.CucumberFeatureWrapper)[pri:0, instance:com.cucumber.runner.TestRunner@617faa95]" name="feature" duration-ms="39650" started-at="2018-03-16T11:04:03Z" description="Runs Cucumber Feature" data-provider="features" finished-at="2018-03-16T11:04:43Z">
          <params>
            <param index="0">
              <value>
                <![CDATA[Search Test]]>
              </value>
            </param>
          </params>
          <reporter-output>
          </reporter-output>
        </test-method> <!-- feature -->
        <test-method status="PASS" signature="afterTestScenario()[pri:0, instance:com.cucumber.runner.TestRunner@617faa95]" name="afterTestScenario" is-config="true" duration-ms="2111" started-at="2018-03-16T11:04:43Z" finished-at="2018-03-16T11:04:45Z">
          <reporter-output>
          </reporter-output>
        </test-method> <!-- afterTestScenario -->
        <test-method status="PASS" signature="teardown()[pri:0, instance:com.cucumber.runner.TestRunner@617faa95]" name="teardown" is-config="true" duration-ms="1" started-at="2018-03-16T11:04:45Z" finished-at="2018-03-16T11:04:45Z">
          <reporter-output>
          </reporter-output>
        </test-method> <!-- teardown -->
        <test-method status="PASS" signature="tearDownClass()[pri:0, instance:com.cucumber.runner.TestRunner@617faa95]" name="tearDownClass" is-config="true" duration-ms="855" started-at="2018-03-16T11:04:45Z" finished-at="2018-03-16T11:04:46Z">
          <reporter-output>
          </reporter-output>
        </test-method> <!-- tearDownClass -->
        <test-method status="PASS" signature="endSetup()[pri:0, instance:com.cucumber.runner.TestRunner@617faa95]" name="endSetup" is-config="true" duration-ms="28" started-at="2018-03-16T11:04:46Z" finished-at="2018-03-16T11:04:46Z">
          <reporter-output>
          </reporter-output>
        </test-method> <!-- endSetup -->
      </class> <!-- com.cucumber.runner.TestRunner -->
    </test> <!-- Surefire test -->
  </suite> <!-- Surefire suite -->
</testng-results>
